<?xml version="1.0" encoding="UTF-8"?>
<robot generator="Robot 7.0 (Python 3.12.2 on win32)" generated="2024-05-09T00:45:41.877954" rpa="false" schemaversion="5">
<suite id="s1" name="Venda-Pdv" source="C:\Users\thiago.mello\Documents\Desenvolvimento\Python\automacao-desktop-robot-sikuli\tests\venda-pdv.robot">
<kw name="Inicia Sessão" owner="base" type="SETUP">
<kw name="Carrega os Elementos do App" owner="base">
<kw name="Add Image Path" owner="SikuliLibrary">
<arg>${EXECDIR}\\resources\\elements</arg>
<doc>Add image path</doc>
<status status="PASS" start="2024-05-09T00:45:44.925858" elapsed="0.019637"/>
</kw>
<status status="PASS" start="2024-05-09T00:45:44.924768" elapsed="0.020727"/>
</kw>
<kw name="Double Click" owner="SikuliLibrary">
<msg time="2024-05-09T00:45:46.044629" level="INFO" html="true">&lt;img src='sikuli_captured/sikuliximage-1715226345326.png'/&gt;
[log] DOUBLE CLICK on L[112,131]@S(0) (585 msec)</msg>
<arg>linxpos.png</arg>
<doc>Double click</doc>
<status status="PASS" start="2024-05-09T00:45:44.945495" elapsed="1.099134"/>
</kw>
<kw name="Sleep" owner="BuiltIn">
<msg time="2024-05-09T00:45:48.046036" level="INFO">Slept 2 seconds.</msg>
<arg>2</arg>
<doc>Pauses the test executed for the given time.</doc>
<status status="PASS" start="2024-05-09T00:45:46.045631" elapsed="2.000405"/>
</kw>
<kw name="Input Text" owner="SikuliLibrary">
<msg time="2024-05-09T00:45:49.768173" level="INFO">Input Text:
@Y0uc0m#</msg>
<msg time="2024-05-09T00:45:49.768173" level="INFO" html="true">&lt;img src='sikuli_captured/sikuliximage-1715226348198.png'/&gt;
[log] CLICK on L[627,315]@S(0) (556 msec)
[log]  TYPE "@Y0uc0m#"</msg>
<arg>senha-db</arg>
<arg>@Y0uc0m#</arg>
<doc>Input text.
 Image could be empty</doc>
<status status="PASS" start="2024-05-09T00:45:48.046036" elapsed="1.722137"/>
</kw>
<kw name="Click" owner="SikuliLibrary">
<msg time="2024-05-09T00:45:50.593866" level="INFO" html="true">&lt;img src='sikuli_captured/sikuliximage-1715226349910.png'/&gt;
[log] CLICK on L[699,479]@S(0) (563 msec)</msg>
<arg>entrar.png</arg>
<doc>Click</doc>
<status status="PASS" start="2024-05-09T00:45:49.768173" elapsed="0.825693"/>
</kw>
<kw name="Sleep" owner="BuiltIn">
<msg time="2024-05-09T00:45:56.594080" level="INFO">Slept 6 seconds.</msg>
<arg>6</arg>
<doc>Pauses the test executed for the given time.</doc>
<status status="PASS" start="2024-05-09T00:45:50.593866" elapsed="6.000214"/>
</kw>
<kw name="Click" owner="SikuliLibrary">
<msg time="2024-05-09T00:45:59.248205" level="INFO" html="true">&lt;img src='sikuli_captured/sikuliximage-1715226358483.png'/&gt;
[log] CLICK on L[734,402]@S(0) (590 msec)</msg>
<arg>ignorar.png</arg>
<doc>Click</doc>
<status status="PASS" start="2024-05-09T00:45:56.594080" elapsed="2.654125"/>
</kw>
<kw name="Click" owner="SikuliLibrary">
<msg time="2024-05-09T00:46:01.585425" level="INFO" html="true">&lt;img src='sikuli_captured/sikuliximage-1715226359481.png'/&gt;
[log] CLICK on L[640,387]@S(0) (589 msec)</msg>
<arg>ok1.png</arg>
<doc>Click</doc>
<status status="PASS" start="2024-05-09T00:45:59.248205" elapsed="2.338235"/>
</kw>
<kw name="Sleep" owner="BuiltIn">
<msg time="2024-05-09T00:46:06.586834" level="INFO">Slept 5 seconds.</msg>
<arg>5</arg>
<doc>Pauses the test executed for the given time.</doc>
<status status="PASS" start="2024-05-09T00:46:01.586440" elapsed="5.000394"/>
</kw>
<status status="PASS" start="2024-05-09T00:45:44.924768" elapsed="21.662066"/>
</kw>
<test id="s1-t1" name="Efetuar venda de 1 item com pagamento em Dinheiro" line="11">
<kw name="Clicar em Vendas">
<kw name="Click" owner="SikuliLibrary">
<msg time="2024-05-09T00:46:07.608825" level="INFO" html="true">&lt;img src='sikuli_captured/sikuliximage-1715226366860.png'/&gt;
[log] CLICK on L[306,592]@S(0) (596 msec)</msg>
<arg>vendas.png</arg>
<doc>Click</doc>
<status status="PASS" start="2024-05-09T00:46:06.588949" elapsed="1.019876"/>
</kw>
<kw name="Sleep" owner="BuiltIn">
<msg time="2024-05-09T00:46:09.610006" level="INFO">Slept 2 seconds.</msg>
<arg>2</arg>
<doc>Pauses the test executed for the given time.</doc>
<status status="PASS" start="2024-05-09T00:46:07.608825" elapsed="2.001181"/>
</kw>
<status status="PASS" start="2024-05-09T00:46:06.587951" elapsed="3.022055"/>
</kw>
<kw name="Digita senha OperadorCaixa">
<kw name="Input Text" owner="SikuliLibrary">
<msg time="2024-05-09T00:46:11.678509" level="INFO">Input Text:
Youcom@2</msg>
<msg time="2024-05-09T00:46:11.678509" level="INFO" html="true">&lt;img src='sikuli_captured/sikuliximage-1715226369822.png'/&gt;
[log] CLICK on L[613,411]@S(0) (600 msec)
[log]  TYPE "Youcom@2"</msg>
<arg>senha-operador.png</arg>
<arg>Youcom@2</arg>
<doc>Input text.
 Image could be empty</doc>
<status status="PASS" start="2024-05-09T00:46:09.612105" elapsed="2.067395"/>
</kw>
<kw name="Sleep" owner="BuiltIn">
<msg time="2024-05-09T00:46:13.679805" level="INFO">Slept 2 seconds.</msg>
<arg>2</arg>
<doc>Pauses the test executed for the given time.</doc>
<status status="PASS" start="2024-05-09T00:46:11.679500" elapsed="2.000305"/>
</kw>
<kw name="Click" owner="SikuliLibrary">
<msg time="2024-05-09T00:46:14.622876" level="INFO" html="true">&lt;img src='sikuli_captured/sikuliximage-1715226373856.png'/&gt;
[log] CLICK on L[609,446]@S(0) (585 msec)</msg>
<arg>ok2.png</arg>
<doc>Click</doc>
<status status="PASS" start="2024-05-09T00:46:13.680319" elapsed="0.942557"/>
</kw>
<kw name="Click" owner="SikuliLibrary">
<msg time="2024-05-09T00:46:15.889936" level="INFO" html="true">&lt;img src='sikuli_captured/sikuliximage-1715226375135.png'/&gt;
[log] CLICK on L[638,385]@S(0) (594 msec)</msg>
<arg>ok3.png</arg>
<doc>Click</doc>
<status status="PASS" start="2024-05-09T00:46:14.623883" elapsed="1.267052"/>
</kw>
<kw name="Sleep" owner="BuiltIn">
<msg time="2024-05-09T00:46:18.891431" level="INFO">Slept 3 seconds.</msg>
<arg>3</arg>
<doc>Pauses the test executed for the given time.</doc>
<status status="PASS" start="2024-05-09T00:46:15.890935" elapsed="3.000496"/>
</kw>
<status status="PASS" start="2024-05-09T00:46:09.611017" elapsed="9.280414"/>
</kw>
<kw name="Selecionar Operador Caixa">
<kw name="Click" owner="SikuliLibrary">
<msg time="2024-05-09T00:46:21.048949" level="INFO" html="true">&lt;img src='sikuli_captured/sikuliximage-1715226380251.png'/&gt;
[log] CLICK on L[426,159]@S(0) (586 msec)</msg>
<arg>${OperadorCaixa}.png</arg>
<doc>Click</doc>
<status status="PASS" start="2024-05-09T00:46:18.892442" elapsed="2.157511"/>
</kw>
<kw name="Click" owner="SikuliLibrary">
<msg time="2024-05-09T00:46:22.002717" level="INFO" html="true">&lt;img src='sikuli_captured/sikuliximage-1715226381233.png'/&gt;
[log] CLICK on L[845,596]@S(0) (588 msec)</msg>
<arg>ok4.png</arg>
<doc>Click</doc>
<status status="PASS" start="2024-05-09T00:46:21.049953" elapsed="0.952764"/>
</kw>
<kw name="Sleep" owner="BuiltIn">
<msg time="2024-05-09T00:46:24.004080" level="INFO">Slept 2 seconds.</msg>
<arg>2</arg>
<doc>Pauses the test executed for the given time.</doc>
<status status="PASS" start="2024-05-09T00:46:22.002717" elapsed="2.001363"/>
</kw>
<arg>opera-rapha-cristina</arg>
<status status="PASS" start="2024-05-09T00:46:18.892442" elapsed="5.111638"/>
</kw>
<kw name="Digitar CPF">
<kw name="Input Text" owner="SikuliLibrary">
<msg time="2024-05-09T00:46:26.344806" level="INFO">Input Text:
86588457022</msg>
<msg time="2024-05-09T00:46:26.344806" level="INFO" html="true">&lt;img src='sikuli_captured/sikuliximage-1715226384196.png'/&gt;
[log] CLICK on L[314,101]@S(0) (597 msec)
[log]  TYPE "86588457022"</msg>
<arg>cpf.png</arg>
<arg>86588457022</arg>
<doc>Input text.
 Image could be empty</doc>
<status status="PASS" start="2024-05-09T00:46:24.005593" elapsed="2.339213"/>
</kw>
<kw name="Press Special Key" owner="SikuliLibrary">
<msg time="2024-05-09T00:46:26.498444" level="INFO">[log]  TYPE "#TAB."</msg>
<arg>TAB</arg>
<doc>Press special key
 Presses a special keyboard key.</doc>
<status status="PASS" start="2024-05-09T00:46:26.344806" elapsed="0.153638"/>
</kw>
<kw name="Sleep" owner="BuiltIn">
<msg time="2024-05-09T00:46:36.498606" level="INFO">Slept 10 seconds.</msg>
<arg>10</arg>
<doc>Pauses the test executed for the given time.</doc>
<status status="PASS" start="2024-05-09T00:46:26.498444" elapsed="10.000162"/>
</kw>
<status status="PASS" start="2024-05-09T00:46:24.004583" elapsed="12.494023"/>
</kw>
<kw name="Digitar SKU">
<kw name="Input Text" owner="SikuliLibrary">
<msg time="2024-05-09T00:46:38.601307" level="INFO">Input Text:
100433102</msg>
<msg time="2024-05-09T00:46:38.601307" level="INFO" html="true">&lt;img src='sikuli_captured/sikuliximage-1715226396696.png'/&gt;
[log] CLICK on L[220,243]@S(0) (600 msec)
[log]  TYPE "100433102"</msg>
<arg>sku.png</arg>
<arg>100433102</arg>
<doc>Input text.
 Image could be empty</doc>
<status status="PASS" start="2024-05-09T00:46:36.500643" elapsed="2.100664"/>
</kw>
<kw name="Press Special Key" owner="SikuliLibrary">
<msg time="2024-05-09T00:46:38.755121" level="INFO">[log]  TYPE "#TAB."</msg>
<arg>TAB</arg>
<doc>Press special key
 Presses a special keyboard key.</doc>
<status status="PASS" start="2024-05-09T00:46:38.601307" elapsed="0.153814"/>
</kw>
<kw name="Sleep" owner="BuiltIn">
<msg time="2024-05-09T00:46:43.756273" level="INFO">Slept 5 seconds.</msg>
<arg>5</arg>
<doc>Pauses the test executed for the given time.</doc>
<status status="PASS" start="2024-05-09T00:46:38.755121" elapsed="5.001152"/>
</kw>
<status status="PASS" start="2024-05-09T00:46:36.499615" elapsed="7.257263"/>
</kw>
<kw name="Finalizar a Venda">
<kw name="Press Special Key" owner="SikuliLibrary">
<msg time="2024-05-09T00:46:43.916770" level="INFO">[log]  TYPE "#F3."</msg>
<arg>F3</arg>
<doc>Press special key
 Presses a special keyboard key.</doc>
<status status="PASS" start="2024-05-09T00:46:43.757980" elapsed="0.158790"/>
</kw>
<kw name="Sleep" owner="BuiltIn">
<msg time="2024-05-09T00:46:45.917027" level="INFO">Slept 2 seconds.</msg>
<arg>2</arg>
<doc>Pauses the test executed for the given time.</doc>
<status status="PASS" start="2024-05-09T00:46:43.916770" elapsed="2.000257"/>
</kw>
<status status="PASS" start="2024-05-09T00:46:43.756878" elapsed="2.160149"/>
</kw>
<kw name="Selecionar Forma de pagamento">
<kw name="Click" owner="SikuliLibrary">
<msg time="2024-05-09T00:46:49.152614" level="INFO" html="true">&lt;img src='sikuli_captured/sikuliximage-1715226409097.png'/&gt;</msg>
<msg time="2024-05-09T00:46:49.152614" level="FAIL">com.github.rainmanwy.robotframework.sikulilib.exceptions.TimeoutException: Timeout happened, could not find P(forma-de-pagamento.png) S: 0.699999988079071</msg>
<arg>forma-de-pagamento.png</arg>
<doc>Click</doc>
<status status="FAIL" start="2024-05-09T00:46:45.917987" elapsed="3.234627">com.github.rainmanwy.robotframework.sikulilib.exceptions.TimeoutException: Timeout happened, could not find P(forma-de-pagamento.png) S: 0.699999988079071</status>
</kw>
<kw name="Sleep" owner="BuiltIn">
<arg>2</arg>
<doc>Pauses the test executed for the given time.</doc>
<status status="NOT RUN" start="2024-05-09T00:46:49.152614" elapsed="0.000000"/>
</kw>
<status status="FAIL" start="2024-05-09T00:46:45.917987" elapsed="3.236099">com.github.rainmanwy.robotframework.sikulilib.exceptions.TimeoutException: Timeout happened, could not find P(forma-de-pagamento.png) S: 0.699999988079071</status>
</kw>
<kw name="Finalizar">
<status status="NOT RUN" start="2024-05-09T00:46:49.154086" elapsed="0.000000"/>
</kw>
<kw name="Finaliza Teste" owner="base" type="TEARDOWN">
<kw name="Capture Screen" owner="SikuliLibrary">
<msg time="2024-05-09T00:46:49.312461" level="INFO" html="true">&lt;img src='sikuli_captured/sikuliximage-1715226409237.png'/&gt;</msg>
<doc>Capture whole screen, file name is returned</doc>
<status status="PASS" start="2024-05-09T00:46:49.156092" elapsed="0.156369"/>
</kw>
<kw name="Close Application" owner="SikuliLibrary">
<arg>mstsc.exe</arg>
<doc>Close application</doc>
<status status="PASS" start="2024-05-09T00:46:49.313463" elapsed="0.018565"/>
</kw>
<status status="PASS" start="2024-05-09T00:46:49.156092" elapsed="0.176937"/>
</kw>
<status status="FAIL" start="2024-05-09T00:46:06.586834" elapsed="42.747567">com.github.rainmanwy.robotframework.sikulilib.exceptions.TimeoutException: Timeout happened, could not find P(forma-de-pagamento.png) S: 0.699999988079071</status>
</test>
<kw name="Encerrar Sessão" owner="base" type="TEARDOWN">
<kw name="Stop Remote Server" owner="SikuliLibrary">
<msg time="2024-05-09T00:46:49.342448" level="INFO">Robot Framework remote server stopping</msg>
<doc>Stops the remote server.</doc>
<status status="PASS" start="2024-05-09T00:46:49.336529" elapsed="0.005919"/>
</kw>
<status status="PASS" start="2024-05-09T00:46:49.335441" elapsed="0.007007"/>
</kw>
<doc>Suite de Testes no pdv venda</doc>
<status status="FAIL" start="2024-05-09T00:45:41.878955" elapsed="67.463493"/>
</suite>
<statistics>
<total>
<stat pass="0" fail="1" skip="0">All Tests</stat>
</total>
<tag>
</tag>
<suite>
<stat pass="0" fail="1" skip="0" id="s1" name="Venda-Pdv">Venda-Pdv</stat>
</suite>
</statistics>
<errors>
</errors>
</robot>
